<?xml version="1.0" encoding="UTF-8"?>
<!-- Generated by org.testng.reporters.JUnitXMLReporter -->
<testsuite ignored="0" hostname="NLT-Navin-01" failures="0" tests="3" name="Regression" time="23.372" errors="0" timestamp="2022-03-22T21:36:08 EDT">
  <testcase classname="seleniumpractice.TestNParameterization" name="Display" time="0.128"/>
  <testcase classname="seleniumpractice.TestNParameterization" name="Display" time="0.198"/>
  <testcase classname="seleniumpractice.TestNParameterization" name="Display" time="0.153"/>
</testsuite> <!-- Regression -->
