<?xml version="1.0" encoding="UTF-8"?>
<!-- Generated by org.testng.reporters.JUnitXMLReporter -->
<testsuite ignored="0" hostname="NLT-Navin-01" failures="0" tests="3" name="Smoke" time="0.024" errors="0" timestamp="2022-03-22T21:36:08 EDT">
  <testcase classname="seleniumpractice.TestN" name="writetestcase" time="0.002"/>
  <testcase classname="seleniumpractice.TestN" name="executetest" time="0.002"/>
  <testcase classname="seleniumpractice.TestN" name="defectlog" time="0.002"/>
</testsuite> <!-- Smoke -->
